2019-11-07 17:48:06,326 p=alexey u=9805 | [WARNING]:  * Failed to parse /Users/alexey/learn/udemy/ansible/learn_ansible_and_master_devops/hosts with yaml plugin: YAML inventory has invalid
structure, it should be a dictionary, got: <class 'ansible.parsing.yaml.objects.AnsibleUnicode'>

2019-11-07 17:48:06,326 p=alexey u=9805 | [WARNING]:  * Failed to parse /Users/alexey/learn/udemy/ansible/learn_ansible_and_master_devops/hosts with ini plugin:
/Users/alexey/learn/udemy/ansible/learn_ansible_and_master_devops/hosts:1: Expected key=value host variable assignment, got: master

2019-11-07 17:48:06,327 p=alexey u=9805 | [WARNING]: Unable to parse /Users/alexey/learn/udemy/ansible/learn_ansible_and_master_devops/hosts as an inventory source

2019-11-07 17:48:06,327 p=alexey u=9805 | [WARNING]: No inventory was parsed, only implicit localhost is available

2019-11-07 17:48:06,328 p=alexey u=9805 | [WARNING]: provided hosts list is empty, only localhost is available. Note that the implicit localhost does not match 'all'

2019-11-07 17:48:06,329 p=alexey u=9805 |   hosts (0):
2019-11-07 17:48:59,534 p=alexey u=9840 |   hosts (3):
2019-11-07 17:48:59,535 p=alexey u=9840 |     master
2019-11-07 17:48:59,535 p=alexey u=9840 |     node1
2019-11-07 17:48:59,535 p=alexey u=9840 |     node2
2019-11-07 17:49:21,559 p=alexey u=9871 | node1 | SUCCESS => {"ansible_facts": {"discovered_interpreter_python": "/usr/bin/python"},"changed": false,"ping": "pong"}
2019-11-07 17:49:21,572 p=alexey u=9871 | node2 | SUCCESS => {"ansible_facts": {"discovered_interpreter_python": "/usr/bin/python"},"changed": false,"ping": "pong"}
2019-11-07 17:49:21,622 p=alexey u=9871 | master | SUCCESS => {"ansible_facts": {"discovered_interpreter_python": "/usr/bin/python"},"changed": false,"ping": "pong"}
2019-11-07 17:55:18,183 p=alexey u=10176 | [WARNING]: template parsing did not produce documentation.

2019-11-07 17:55:18,927 p=alexey u=10176 | [WARNING]: win_template parsing did not produce documentation.

2019-11-08 14:09:58,586 p=alexey u=8699 |  [ERROR]: User interrupted execution

2019-11-08 18:16:29,854 p=alexey u=20082 | [WARNING]: Could not match supplied host pattern, ignoring: master

2019-11-08 18:16:29,855 p=alexey u=20082 | [WARNING]: No hosts matched, nothing to do

2019-11-08 18:17:01,849 p=alexey u=20135 | [WARNING]: Unhandled error in Python interpreter discovery for host db: Failed to connect to the host via ssh: ssh: connect to host 192.168.56.103 port 22: Operation timed out

2019-11-08 18:17:01,849 p=alexey u=20133 | [WARNING]: Unhandled error in Python interpreter discovery for host nginx: Failed to connect to the host via ssh: ssh: connect to host 192.168.56.102 port 22: Operation timed out

2019-11-08 18:17:01,849 p=alexey u=20139 | [WARNING]: Unhandled error in Python interpreter discovery for host web2: Failed to connect to the host via ssh: ssh: connect to host 192.168.56.101 port 22: Operation timed out

2019-11-08 18:17:01,849 p=alexey u=20137 | [WARNING]: Unhandled error in Python interpreter discovery for host web1: Failed to connect to the host via ssh: ssh: connect to host 192.168.56.100 port 22: Operation timed out

2019-11-08 18:17:01,898 p=alexey u=20129 | db | UNREACHABLE!: Data could not be sent to remote host "192.168.56.103". Make sure this host can be reached over ssh: ssh: connect to host 192.168.56.103 port 22: Host is down

2019-11-08 18:17:01,898 p=alexey u=20129 | nginx | UNREACHABLE!: Data could not be sent to remote host "192.168.56.102". Make sure this host can be reached over ssh: ssh: connect to host 192.168.56.102 port 22: Host is down

2019-11-08 18:17:01,899 p=alexey u=20129 | web1 | UNREACHABLE!: Data could not be sent to remote host "192.168.56.100". Make sure this host can be reached over ssh: ssh: connect to host 192.168.56.100 port 22: Host is down

2019-11-08 18:17:01,900 p=alexey u=20129 | web2 | UNREACHABLE!: Data could not be sent to remote host "192.168.56.101". Make sure this host can be reached over ssh: ssh: connect to host 192.168.56.101 port 22: Host is down

2019-11-08 18:19:59,412 p=alexey u=20621 | nginx | SUCCESS => {"ansible_facts": {"discovered_interpreter_python": "/usr/bin/python"},"changed": false,"ping": "pong"}
2019-11-08 18:19:59,413 p=alexey u=20621 | db | SUCCESS => {"ansible_facts": {"discovered_interpreter_python": "/usr/bin/python"},"changed": false,"ping": "pong"}
2019-11-08 18:19:59,414 p=alexey u=20621 | web1 | SUCCESS => {"ansible_facts": {"discovered_interpreter_python": "/usr/bin/python"},"changed": false,"ping": "pong"}
2019-11-08 18:19:59,415 p=alexey u=20621 | web2 | SUCCESS => {"ansible_facts": {"discovered_interpreter_python": "/usr/bin/python"},"changed": false,"ping": "pong"}
2019-11-08 18:21:16,570 p=alexey u=20812 | PLAY [webserver] ************************************************************************************************************************************************************************
2019-11-08 18:21:16,592 p=alexey u=20812 | TASK [Gathering Facts] ******************************************************************************************************************************************************************
2019-11-08 18:21:18,916 p=alexey u=20812 | ok: [web1]
2019-11-08 18:21:18,963 p=alexey u=20812 | ok: [web2]
2019-11-08 18:21:18,988 p=alexey u=20812 | TASK [install apache2] ******************************************************************************************************************************************************************
2019-11-08 18:21:57,903 p=alexey u=20812 | changed: [web1]
2019-11-08 18:21:59,592 p=alexey u=20812 | changed: [web2]
2019-11-08 18:21:59,622 p=alexey u=20812 | TASK [enable systemd] *******************************************************************************************************************************************************************
2019-11-08 18:22:00,141 p=alexey u=20812 | ok: [web2]
2019-11-08 18:22:00,144 p=alexey u=20812 | ok: [web1]
2019-11-08 18:22:00,147 p=alexey u=20812 | PLAY RECAP ******************************************************************************************************************************************************************************
2019-11-08 18:22:00,148 p=alexey u=20812 | web1                       : ok=3    changed=1    unreachable=0    failed=0    skipped=0    rescued=0    ignored=0   
2019-11-08 18:22:00,148 p=alexey u=20812 | web2                       : ok=3    changed=1    unreachable=0    failed=0    skipped=0    rescued=0    ignored=0   
2019-11-08 18:29:56,710 p=alexey u=20982 |   hosts (4):
2019-11-08 18:29:56,711 p=alexey u=20982 |     nginx
2019-11-08 18:29:56,711 p=alexey u=20982 |     db
2019-11-08 18:29:56,712 p=alexey u=20982 |     web1
2019-11-08 18:29:56,712 p=alexey u=20982 |     web2
